<?xml version="1.0" encoding="UTF-8"?>
<!-- Generated by org.testng.reporters.JUnitReportReporter -->
<testsuite skipped="0" hostname="Ashish" name="RestGetCallTests" tests="2" failures="0" timestamp="2019-02-21T22:00:07 MST" time="3.253" errors="0">
  <testcase name="validateGetResponseCode" time="0.290" classname="RestGetCallTests"/>
  <testcase name="getHeaders" time="2.963" classname="RestGetCallTests"/>
</testsuite> <!-- RestGetCallTests -->
